12/17/2012 10:49:18 AM  Navigating ...
12/17/2012 10:49:20 AM  Navigating ...
12/17/2012 10:49:37 AM  Navigating ...
12/17/2012 10:49:41 AM  Navigating ...
12/17/2012 10:50:06 AM  GET  http://www.unmermadiun.ac.id/site/?cat=1  Integer URL1 StatusCode!=OK
12/17/2012 10:50:07 AM  GET  http://www.unmermadiun.ac.id/site/?s=!S!WCRTESTINPUT000000!E!  String KeyWord=
12/17/2012 10:50:08 AM  GET  http://www.unmermadiun.ac.id/site/wp-content/plugins/eko/js/global.php?ver=3.1.3  String KeyWord=
12/17/2012 10:50:11 AM  GET  http://www.unmermadiun.ac.id/site/?page_id=14  Integer KeyWord=
12/17/2012 10:50:12 AM  GET  http://www.unmermadiun.ac.id/site/?cat=1  String URL1 StatusCode!=OK
12/17/2012 10:50:17 AM  GET  http://www.unmermadiun.ac.id/site/?feed=rss2  String URL1 StatusCode!=OK
12/17/2012 10:50:19 AM  GET  http://www.unmermadiun.ac.id/site/?p=768  Integer KeyWord=
12/17/2012 10:50:19 AM  COOKIE  http://www.unmermadiun.ac.id/site/wp-content/plugins/eko/js/global.php^ver=3.1.3  String KeyWord=
12/17/2012 10:50:21 AM  COOKIE  http://www.unmermadiun.ac.id/site/^s=!S!WCRTESTINPUT000000!E!  String KeyWord=
12/17/2012 10:50:22 AM  COOKIE  http://www.unmermadiun.ac.id/site/^cat=1  Integer KeyWord=
12/17/2012 10:50:24 AM  GET  http://www.unmermadiun.ac.id/site/?page_id=14  String KeyWord=
12/17/2012 10:50:27 AM  GET  http://www.unmermadiun.ac.id/site/?p=768  String KeyWord=
12/17/2012 10:50:30 AM  COOKIE  http://www.unmermadiun.ac.id/site/^feed=rss2  String KeyWord=
12/17/2012 10:50:30 AM  GET  http://www.unmermadiun.ac.id/site/?s=99999999  Integer KeyWord=
12/17/2012 10:50:33 AM  COOKIE  http://www.unmermadiun.ac.id/site/^cat=1  String KeyWord=
12/17/2012 10:50:35 AM  GET  http://www.unmermadiun.ac.id/site/wp-content/plugins/eko/js/global.php?ver=99999999  Integer KeyWord=
12/17/2012 10:50:37 AM  GET  http://www.unmermadiun.ac.id/site/?feed=99999999  Integer URL1 StatusCode!=OK
12/17/2012 10:50:38 AM  COOKIE  http://www.unmermadiun.ac.id/site/^page_id=14  Integer KeyWord=
12/17/2012 10:50:39 AM  COOKIE  http://www.unmermadiun.ac.id/site/^p=768  Integer KeyWord=
12/17/2012 10:50:40 AM  GET  http://www.unmermadiun.ac.id/site/?feed=99999999  String URL1 StatusCode!=OK
12/17/2012 10:50:42 AM  GET  http://www.unmermadiun.ac.id/site/?cat=99999999  Integer URL1 StatusCode!=OK
12/17/2012 10:50:43 AM  GET  http://www.unmermadiun.ac.id/site/?cat=99999999  String URL1 StatusCode!=OK
12/17/2012 10:50:44 AM  GET  http://www.unmermadiun.ac.id/site/?feed=  Search URL1 StatusCode!=OK
12/17/2012 10:50:46 AM  GET  http://www.unmermadiun.ac.id/site/?s=99999999  String KeyWord=
12/17/2012 10:50:49 AM  GET  http://www.unmermadiun.ac.id/situskuliah/course/jumpto.php?sesskey=uUBX9MEzs5&jump=http://www.unmermadiun.ac.id/situskuliah/index.php  String KeyWord=
12/17/2012 10:50:51 AM  COOKIE  http://www.unmermadiun.ac.id/situskuliah/course/jumpto.php?sesskey=uUBX9MEzs5^jump=http://www.unmermadiun.ac.id/situskuliah/index.php  String KeyWord Null
12/17/2012 10:50:52 AM  GET  http://www.unmermadiun.ac.id/site/wp-content/plugins/eko/js/global.php?ver=99999999  String KeyWord=
12/17/2012 10:50:52 AM  GET  http://www.unmermadiun.ac.id/situskuliah/course/jumpto.php?sesskey=uUBX9MEzs5&jump=99999999  Integer KeyWord Null
12/17/2012 10:50:53 AM  GET  http://www.unmermadiun.ac.id/site/?cat=  Search KeyWord=Latest
12/17/2012 10:50:53 AM  GET  http://www.unmermadiun.ac.id/site/wp-content/plugins/eko/js/global.php?ver=  Search KeyWord=
12/17/2012 10:50:53 AM  GET  http://www.unmermadiun.ac.id/situskuliah/course/jumpto.php?sesskey=uUBX9MEzs5&jump=99999999  String KeyWord Null
12/17/2012 10:50:54 AM  GET  http://www.unmermadiun.ac.id/site/?s=99999999  String KeyWord=
12/17/2012 10:50:55 AM  COOKIE  http://www.unmermadiun.ac.id/site/^page_id=14  String KeyWord=
12/17/2012 10:50:57 AM  GET  http://www.unmermadiun.ac.id/situskuliah/course/jumpto.php?sesskey=uUBX9MEzs5&jump=99999999  String KeyWord Null
12/17/2012 10:50:59 AM  GET  http://www.unmermadiun.ac.id/site/?page_id=99999999  Integer URL1 StatusCode!=OK
12/17/2012 10:51:00 AM  GET  http://www.unmermadiun.ac.id/situskuliah/course/jumpto.php?sesskey=uUBX9MEzs5&jump=  Search KeyWord Null
12/17/2012 10:51:01 AM  GET  http://www.unmermadiun.ac.id/site/?s=  Search KeyWord=
12/17/2012 10:51:02 AM  GET  http://www.unmermadiun.ac.id/situskuliah/course/jumpto.php?jump=http://www.unmermadiun.ac.id/situskuliah/index.php&sesskey=uUBX9MEzs5  String URL1 StatusCode!=OK
12/17/2012 10:51:02 AM  COOKIE  http://www.unmermadiun.ac.id/situskuliah/course/jumpto.php?jump=http://www.unmermadiun.ac.id/situskuliah/index.php^sesskey=uUBX9MEzs5  String URL1 StatusCode!=OK
12/17/2012 10:51:03 AM  GET  http://www.unmermadiun.ac.id/situskuliah/course/jumpto.php?jump=http://www.unmermadiun.ac.id/situskuliah/index.php&sesskey=99999999  Integer URL1 StatusCode!=OK
12/17/2012 10:51:04 AM  GET  http://www.unmermadiun.ac.id/situskuliah/course/jumpto.php?jump=http://www.unmermadiun.ac.id/situskuliah/index.php&sesskey=99999999  String URL1 StatusCode!=OK
12/17/2012 10:51:04 AM  GET  http://www.unmermadiun.ac.id/situskuliah/course/jumpto.php?jump=http://www.unmermadiun.ac.id/situskuliah/index.php&sesskey=99999999  String URL1 StatusCode!=OK
12/17/2012 10:51:04 AM  GET  http://www.unmermadiun.ac.id/site/?page_id=99999999  String URL1 StatusCode!=OK
12/17/2012 10:51:05 AM  GET  http://www.unmermadiun.ac.id/situskuliah/course/jumpto.php?jump=http://www.unmermadiun.ac.id/situskuliah/index.php&sesskey=  Search URL1 StatusCode!=OK
12/17/2012 10:51:06 AM  COOKIE  http://www.unmermadiun.ac.id/site/^p=768  String KeyWord=
12/17/2012 10:51:09 AM  GET  http://www.unmermadiun.ac.id/site/?p=99999999  Integer URL1 StatusCode!=OK
12/17/2012 10:51:10 AM  GET  http://www.unmermadiun.ac.id/site/?p=99999999  String URL1 StatusCode!=OK
12/17/2012 10:51:10 AM  GET  http://www.unmermadiun.ac.id/site/?page_id=  Search KeyWord=
12/17/2012 10:51:13 AM  GET  http://www.unmermadiun.ac.id/situskuliah/course/search.php?search=!S!WCRTESTINPUT000000!E!  Search KeyWord=
12/17/2012 10:51:14 AM  COOKIE  http://www.unmermadiun.ac.id/situskuliah/course/search.php^search=!S!WCRTESTINPUT000000!E!  Search KeyWord=
12/17/2012 10:51:15 AM  GET  http://www.unmermadiun.ac.id/situskuliah/course/search.php?search=99999999  Search KeyWord=
12/17/2012 10:51:16 AM  GET  http://www.unmermadiun.ac.id/situskuliah/course/search.php?search=99999999  String KeyWord=
12/17/2012 10:51:23 AM  GET  http://www.unmermadiun.ac.id/site/?p=  Search KeyWord=
12/17/2012 10:51:56 AM  GET  http://www.unmermadiun.ac.id/situskuliah/course/search.php?search=  Search KeyWord=
12/17/2012 10:52:11 AM  GET  http://www.unmermadiun.ac.id/site/wp-includes/js/jquery/?C=N;O=D  String KeyWord=
12/17/2012 10:52:15 AM  GET  http://www.unmermadiun.ac.id/site/wp-content/plugins/eko/js/?C=N;O=D  String KeyWord=
12/17/2012 10:52:16 AM  COOKIE  http://www.unmermadiun.ac.id/site/wp-content/plugins/eko/js/^C=N;O=D  String KeyWord=
12/17/2012 10:52:17 AM  GET  http://www.unmermadiun.ac.id/site/wp-content/plugins/eko/js/?C=99999999  Integer KeyWord=
12/17/2012 10:52:17 AM  GET  http://www.unmermadiun.ac.id/site/wp-content/plugins/eko/js/?C=99999999  String KeyWord=
12/17/2012 10:52:18 AM  GET  http://www.unmermadiun.ac.id/site/wp-content/plugins/eko/js/?C=  Search KeyWord=
12/17/2012 10:52:22 AM  GET  http://www.unmermadiun.ac.id/site/wp-includes/js/?C=N;O=D  String KeyWord=
12/17/2012 10:52:24 AM  GET  http://www.unmermadiun.ac.id/site/wp-includes/?C=N;O=D  String KeyWord=
12/17/2012 10:52:33 AM  GET  http://www.unmermadiun.ac.id/site/wp-content/plugins/recent-posts-slider/js/?C=N;O=D  String KeyWord=
12/17/2012 10:52:34 AM  COOKIE  http://www.unmermadiun.ac.id/site/wp-content/plugins/recent-posts-slider/js/^C=N;O=D  String KeyWord=
12/17/2012 10:52:34 AM  GET  http://www.unmermadiun.ac.id/site/wp-content/plugins/recent-posts-slider/js/?C=99999999  Integer KeyWord=
12/17/2012 10:52:35 AM  GET  http://www.unmermadiun.ac.id/site/wp-content/plugins/recent-posts-slider/js/?C=99999999  String KeyWord=
12/17/2012 10:52:35 AM  GET  http://www.unmermadiun.ac.id/site/wp-content/plugins/recent-posts-slider/js/?C=  Search KeyWord=
12/17/2012 10:52:45 AM  GET  http://www.unmermadiun.ac.id/site/wp-content/plugins/meteor-slides/js/?C=N;O=D  String KeyWord=
12/17/2012 10:52:46 AM  GET  http://www.unmermadiun.ac.id/site/?author=1  Integer KeyWord=
12/17/2012 10:52:47 AM  COOKIE  http://www.unmermadiun.ac.id/site/wp-includes/^C=N;O=D  String KeyWord=
12/17/2012 10:52:47 AM  COOKIE  http://www.unmermadiun.ac.id/site/wp-includes/js/^C=N;O=D  String KeyWord=
12/17/2012 10:52:52 AM  GET  http://www.unmermadiun.ac.id/site/wp-includes/?C=99999999  Integer KeyWord=
12/17/2012 10:53:25 AM  GET  http://www.unmermadiun.ac.id/site/wp-content/plugins/recent-posts-slider/?C=M;O=A  String KeyWord=
12/17/2012 10:53:29 AM  COOKIE  http://www.unmermadiun.ac.id/site/wp-content/plugins/recent-posts-slider/^C=M;O=A  String KeyWord=
12/17/2012 10:53:33 AM  COOKIE  http://www.unmermadiun.ac.id/site/wp-includes/js/jquery/^C=N;O=D  String KeyWord=
12/17/2012 10:53:35 AM  GET  http://www.unmermadiun.ac.id/site/wp-includes/js/jquery/?C=99999999  Integer KeyWord=
12/17/2012 10:53:36 AM  GET  http://www.unmermadiun.ac.id/site/wp-includes/js/jquery/?C=99999999  String KeyWord=
12/17/2012 10:53:37 AM  GET  http://www.unmermadiun.ac.id/site/wp-includes/js/jquery/?C=  Search KeyWord=
12/17/2012 10:53:50 AM  GET  http://www.unmermadiun.ac.id/site/wp-includes/js/crop/?C=N;O=D  String KeyWord=
12/17/2012 10:53:52 AM  COOKIE  http://www.unmermadiun.ac.id/site/wp-includes/js/crop/^C=N;O=D  String KeyWord=
12/17/2012 10:53:52 AM  GET  http://www.unmermadiun.ac.id/site/wp-includes/js/crop/?C=99999999  Integer KeyWord=
12/17/2012 10:53:53 AM  GET  http://www.unmermadiun.ac.id/site/wp-includes/js/crop/?C=99999999  String KeyWord=
12/17/2012 10:53:55 AM  GET  http://www.unmermadiun.ac.id/site/wp-includes/js/crop/?C=  Search KeyWord=
12/17/2012 10:54:00 AM  GET  http://www.unmermadiun.ac.id/site/wp-includes/js/imgareaselect/?C=N;O=D  String KeyWord=
12/17/2012 10:54:00 AM  COOKIE  http://www.unmermadiun.ac.id/site/wp-includes/js/imgareaselect/^C=N;O=D  String KeyWord=
12/17/2012 10:54:01 AM  GET  http://www.unmermadiun.ac.id/site/wp-includes/js/imgareaselect/?C=99999999  Integer KeyWord=
12/17/2012 10:54:02 AM  GET  http://www.unmermadiun.ac.id/site/wp-includes/js/imgareaselect/?C=99999999  String KeyWord=
12/17/2012 10:54:03 AM  GET  http://www.unmermadiun.ac.id/site/wp-includes/js/imgareaselect/?C=  Search KeyWord=
12/17/2012 10:54:11 AM  GET  http://www.unmermadiun.ac.id/site/wp-includes/js/jcrop/?C=N;O=D  String KeyWord=
12/17/2012 10:54:11 AM  COOKIE  http://www.unmermadiun.ac.id/site/wp-includes/js/jcrop/^C=N;O=D  String KeyWord=
12/17/2012 10:54:13 AM  GET  http://www.unmermadiun.ac.id/site/wp-includes/?C=99999999  String KeyWord=
12/17/2012 10:54:20 AM  GET  http://www.unmermadiun.ac.id/site/?author=1  String KeyWord=
12/17/2012 10:54:21 AM  GET  http://www.unmermadiun.ac.id/site/wp-includes/js/?C=99999999  Integer KeyWord=
12/17/2012 10:54:28 AM  GET  http://www.unmermadiun.ac.id/site/wp-content/plugins/meteor-slides/?C=N;O=D  String KeyWord=
12/17/2012 10:54:28 AM  COOKIE  http://www.unmermadiun.ac.id/site/wp-content/plugins/meteor-slides/^C=N;O=D  String KeyWord=
12/17/2012 10:54:29 AM  GET  http://www.unmermadiun.ac.id/site/wp-content/plugins/meteor-slides/?C=99999999  Integer KeyWord=
12/17/2012 10:54:30 AM  GET  http://www.unmermadiun.ac.id/site/wp-content/plugins/meteor-slides/?C=99999999  String KeyWord=
12/17/2012 10:54:31 AM  GET  http://www.unmermadiun.ac.id/site/wp-content/plugins/meteor-slides/?C=  Search KeyWord=
12/17/2012 10:54:33 AM  GET  http://www.unmermadiun.ac.id/site/wp-content/plugins/recent-posts-slider/?C=99999999  Integer KeyWord=
12/17/2012 10:54:34 AM  GET  http://www.unmermadiun.ac.id/site/wp-content/plugins/recent-posts-slider/?C=99999999  String KeyWord=
12/17/2012 10:54:35 AM  GET  http://www.unmermadiun.ac.id/site/wp-content/plugins/recent-posts-slider/?C=  Search KeyWord=
12/17/2012 10:54:42 AM  GET  http://www.unmermadiun.ac.id/site/wp-includes/js/?C=99999999  String KeyWord=
12/17/2012 10:54:44 AM  GET  http://www.unmermadiun.ac.id/site/wp-includes/js/?C=  Search KeyWord=
12/17/2012 10:54:46 AM  COOKIE  http://www.unmermadiun.ac.id/site/wp-content/plugins/meteor-slides/js/^C=N;O=D  String KeyWord=
12/17/2012 10:54:47 AM  GET  http://www.unmermadiun.ac.id/site/wp-content/plugins/meteor-slides/js/?C=99999999  Integer KeyWord=
12/17/2012 10:54:47 AM  GET  http://www.unmermadiun.ac.id/site/wp-content/plugins/meteor-slides/js/?C=99999999  String KeyWord=
12/17/2012 10:54:48 AM  GET  http://www.unmermadiun.ac.id/site/wp-includes/js/jcrop/?C=99999999  Integer KeyWord=
12/17/2012 10:54:49 AM  GET  http://www.unmermadiun.ac.id/site/wp-includes/js/jcrop/?C=99999999  String KeyWord=
12/17/2012 10:54:49 AM  GET  http://www.unmermadiun.ac.id/site/wp-includes/js/jcrop/?C=  Search KeyWord=
12/17/2012 10:54:56 AM  GET  http://www.unmermadiun.ac.id/site/wp-content/plugins/meteor-slides/js/?C=  Search KeyWord=
12/17/2012 10:54:57 AM  COOKIE  http://www.unmermadiun.ac.id/site/^author=1  Integer KeyWord=
12/17/2012 10:54:59 AM  GET  http://www.unmermadiun.ac.id/site/wp-includes/js/thickbox/?C=N;O=D  String KeyWord=
12/17/2012 10:55:00 AM  COOKIE  http://www.unmermadiun.ac.id/site/wp-includes/js/thickbox/^C=N;O=D  String KeyWord=
12/17/2012 10:55:00 AM  GET  http://www.unmermadiun.ac.id/site/wp-includes/js/thickbox/?C=99999999  Integer KeyWord=
12/17/2012 10:55:01 AM  GET  http://www.unmermadiun.ac.id/site/wp-includes/js/thickbox/?C=99999999  String KeyWord=
12/17/2012 10:55:02 AM  GET  http://www.unmermadiun.ac.id/site/wp-includes/js/thickbox/?C=  Search KeyWord=
12/17/2012 10:55:16 AM  GET  http://www.unmermadiun.ac.id/site/wp-includes/js/scriptaculous/?C=N;O=D  String KeyWord=
12/17/2012 10:55:16 AM  COOKIE  http://www.unmermadiun.ac.id/site/wp-includes/js/scriptaculous/^C=N;O=D  String KeyWord=
12/17/2012 10:55:17 AM  GET  http://www.unmermadiun.ac.id/site/wp-includes/js/scriptaculous/?C=99999999  Integer KeyWord=
12/17/2012 10:55:18 AM  GET  http://www.unmermadiun.ac.id/site/wp-includes/js/scriptaculous/?C=99999999  String KeyWord=
12/17/2012 10:55:20 AM  GET  http://www.unmermadiun.ac.id/site/wp-includes/js/swfupload/?C=N;O=D  String KeyWord=
12/17/2012 10:55:21 AM  COOKIE  http://www.unmermadiun.ac.id/site/wp-includes/js/swfupload/^C=N;O=D  String KeyWord=
12/17/2012 10:55:30 AM  GET  http://www.unmermadiun.ac.id/site/wp-includes/js/swfupload/?C=99999999  Integer KeyWord=
12/17/2012 10:55:34 AM  GET  http://www.unmermadiun.ac.id/site/wp-includes/js/swfupload/?C=99999999  String KeyWord=
12/17/2012 10:55:35 AM  GET  http://www.unmermadiun.ac.id/site/wp-includes/js/swfupload/?C=  Search KeyWord=
12/17/2012 10:55:39 AM  GET  http://www.unmermadiun.ac.id/site/wp-includes/js/scriptaculous/?C=  Search KeyWord=
12/17/2012 10:55:55 AM  GET  http://www.unmermadiun.ac.id/site/wp-includes/Text/?C=N;O=D  String KeyWord=
12/17/2012 10:55:56 AM  COOKIE  http://www.unmermadiun.ac.id/site/wp-includes/Text/^C=N;O=D  String KeyWord=
12/17/2012 10:55:56 AM  GET  http://www.unmermadiun.ac.id/site/wp-includes/Text/?C=99999999  Integer KeyWord=
12/17/2012 10:55:57 AM  GET  http://www.unmermadiun.ac.id/site/wp-includes/Text/?C=99999999  String KeyWord=
12/17/2012 10:55:58 AM  GET  http://www.unmermadiun.ac.id/site/wp-includes/Text/?C=  Search KeyWord=
12/17/2012 10:56:07 AM  COOKIE  http://www.unmermadiun.ac.id/site/^author=1  String KeyWord=
12/17/2012 10:56:12 AM  GET  http://www.unmermadiun.ac.id/site/wp-includes/js/tinymce/?C=N;O=D  String KeyWord=
12/17/2012 10:56:13 AM  COOKIE  http://www.unmermadiun.ac.id/site/wp-includes/js/tinymce/^C=N;O=D  String KeyWord=
12/17/2012 10:56:13 AM  GET  http://www.unmermadiun.ac.id/site/wp-includes/js/tinymce/?C=99999999  Integer KeyWord=
12/17/2012 10:56:14 AM  GET  http://www.unmermadiun.ac.id/site/wp-includes/js/tinymce/?C=99999999  String KeyWord=
12/17/2012 10:56:14 AM  GET  http://www.unmermadiun.ac.id/site/wp-includes/js/tinymce/?C=  Search KeyWord=
12/17/2012 10:56:42 AM  GET  http://www.unmermadiun.ac.id/site/?author=99999999  Integer URL1 StatusCode!=OK
12/17/2012 10:56:45 AM  GET  http://www.unmermadiun.ac.id/site/?author=99999999  String URL1 StatusCode!=OK
12/17/2012 10:56:48 AM  GET  http://www.unmermadiun.ac.id/site/?author=  Search URL1 StatusCode!=OK
12/17/2012 10:56:54 AM  GET  http://www.unmermadiun.ac.id/site/wp-includes/?C=  Search KeyWord=
12/17/2012 10:56:59 AM  GET  http://www.unmermadiun.ac.id/site/wp-includes/css/?C=N;O=D  String KeyWord=
12/17/2012 10:56:59 AM  COOKIE  http://www.unmermadiun.ac.id/site/wp-includes/css/^C=N;O=D  String KeyWord=
12/17/2012 10:57:00 AM  GET  http://www.unmermadiun.ac.id/site/wp-includes/css/?C=99999999  Integer KeyWord=
12/17/2012 10:57:01 AM  GET  http://www.unmermadiun.ac.id/site/wp-includes/css/?C=99999999  String KeyWord=
12/17/2012 10:57:02 AM  GET  http://www.unmermadiun.ac.id/site/wp-includes/css/?C=  Search KeyWord=
12/17/2012 10:57:25 AM  GET  http://www.unmermadiun.ac.id/site/wp-includes/images/?C=D;O=A  String KeyWord=
12/17/2012 10:57:26 AM  COOKIE  http://www.unmermadiun.ac.id/site/wp-includes/images/^C=D;O=A  String KeyWord=
12/17/2012 10:57:26 AM  GET  http://www.unmermadiun.ac.id/site/wp-includes/images/?C=99999999  Integer KeyWord=
12/17/2012 10:57:27 AM  GET  http://www.unmermadiun.ac.id/site/wp-includes/images/?C=99999999  String KeyWord=
12/17/2012 10:57:31 AM  GET  http://www.unmermadiun.ac.id/site/wp-includes/images/?C=  Search KeyWord=
12/17/2012 10:57:44 AM  GET  http://www.unmermadiun.ac.id/site/wp-includes/pomo/?C=N;O=D  String KeyWord=
12/17/2012 10:57:45 AM  COOKIE  http://www.unmermadiun.ac.id/site/wp-includes/pomo/^C=N;O=D  String KeyWord=
12/17/2012 10:57:45 AM  GET  http://www.unmermadiun.ac.id/site/wp-includes/pomo/?C=99999999  Integer KeyWord=
12/17/2012 10:57:46 AM  GET  http://www.unmermadiun.ac.id/site/wp-includes/pomo/?C=99999999  String KeyWord=
12/17/2012 10:57:47 AM  GET  http://www.unmermadiun.ac.id/site/wp-includes/pomo/?C=  Search KeyWord=
12/17/2012 10:58:07 AM  GET  http://www.unmermadiun.ac.id/site/wp-includes/theme-compat/?C=N;O=D  String KeyWord=
12/17/2012 10:58:08 AM  COOKIE  http://www.unmermadiun.ac.id/site/wp-includes/theme-compat/^C=N;O=D  String KeyWord=
12/17/2012 10:58:09 AM  GET  http://www.unmermadiun.ac.id/site/wp-includes/theme-compat/?C=99999999  Integer KeyWord=
12/17/2012 10:58:09 AM  GET  http://www.unmermadiun.ac.id/site/wp-includes/theme-compat/?C=99999999  String KeyWord=
12/17/2012 10:58:10 AM  GET  http://www.unmermadiun.ac.id/site/wp-includes/theme-compat/?C=  Search KeyWord=
12/17/2012 10:58:15 AM  GET  http://www.unmermadiun.ac.id/site/wp-content/plugins/sponsors-slideshow-widget/?C=N;O=D  String KeyWord=
12/17/2012 10:58:15 AM  COOKIE  http://www.unmermadiun.ac.id/site/wp-content/plugins/sponsors-slideshow-widget/^C=N;O=D  String KeyWord=
12/17/2012 10:58:37 AM  GET  http://www.unmermadiun.ac.id/site/wp-content/plugins/sponsors-slideshow-widget/?C=99999999  Integer KeyWord=
12/17/2012 10:58:38 AM  GET  http://www.unmermadiun.ac.id/site/wp-content/plugins/sponsors-slideshow-widget/?C=99999999  String KeyWord=
12/17/2012 10:58:38 AM  GET  http://www.unmermadiun.ac.id/site/wp-content/plugins/sponsors-slideshow-widget/?C=  Search KeyWord=
12/17/2012 10:58:44 AM  GET  http://www.unmermadiun.ac.id/site/wp-content/plugins/sponsors-slideshow-widget/js/?C=N;O=D  String KeyWord=
12/17/2012 10:58:45 AM  COOKIE  http://www.unmermadiun.ac.id/site/wp-content/plugins/sponsors-slideshow-widget/js/^C=N;O=D  String KeyWord=
12/17/2012 10:58:55 AM  GET  http://www.unmermadiun.ac.id/site/wp-content/plugins/sponsors-slideshow-widget/js/?C=99999999  Integer KeyWord=
12/17/2012 10:58:55 AM  GET  http://www.unmermadiun.ac.id/site/wp-content/plugins/sponsors-slideshow-widget/js/?C=99999999  String KeyWord=
12/17/2012 10:58:56 AM  GET  http://www.unmermadiun.ac.id/site/wp-content/plugins/sponsors-slideshow-widget/js/?C=  Search KeyWord=
12/17/2012 10:59:03 AM  GET  http://www.unmermadiun.ac.id/site/wp-content/plugins/contact-form-7/?C=N;O=D  String KeyWord=
12/17/2012 10:59:04 AM  COOKIE  http://www.unmermadiun.ac.id/site/wp-content/plugins/contact-form-7/^C=N;O=D  String KeyWord=
12/17/2012 10:59:04 AM  GET  http://www.unmermadiun.ac.id/site/wp-content/plugins/contact-form-7/?C=99999999  Integer KeyWord=
12/17/2012 10:59:08 AM  GET  http://www.unmermadiun.ac.id/site/wp-content/plugins/contact-form-7/?C=99999999  String KeyWord=
12/17/2012 10:59:09 AM  GET  http://www.unmermadiun.ac.id/site/wp-content/plugins/contact-form-7/?C=  Search KeyWord=
12/17/2012 10:59:46 AM  GET  http://www.unmermadiun.ac.id/site/wp-content/themes/themorningafter/functions/js/?C=N;O=D  String KeyWord=
12/17/2012 10:59:47 AM  COOKIE  http://www.unmermadiun.ac.id/site/wp-content/themes/themorningafter/functions/js/^C=N;O=D  String KeyWord=
12/17/2012 10:59:48 AM  GET  http://www.unmermadiun.ac.id/site/wp-content/themes/themorningafter/functions/js/?C=99999999  Integer KeyWord=
12/17/2012 10:59:48 AM  GET  http://www.unmermadiun.ac.id/site/wp-content/themes/themorningafter/functions/js/?C=99999999  String KeyWord=
12/17/2012 10:59:49 AM  GET  http://www.unmermadiun.ac.id/site/wp-content/themes/themorningafter/functions/js/?C=  Search KeyWord=
12/17/2012 11:00:07 AM  GET  http://www.unmermadiun.ac.id/site/wp-content/themes/themorningafter/includes/?C=N;O=D  String KeyWord=
12/17/2012 11:00:08 AM  COOKIE  http://www.unmermadiun.ac.id/site/wp-content/themes/themorningafter/includes/^C=N;O=D  String KeyWord=
12/17/2012 11:00:08 AM  GET  http://www.unmermadiun.ac.id/site/wp-content/themes/themorningafter/includes/?C=99999999  Integer KeyWord=
12/17/2012 11:00:09 AM  GET  http://www.unmermadiun.ac.id/site/wp-content/themes/themorningafter/includes/?C=99999999  String KeyWord=
12/17/2012 11:00:10 AM  GET  http://www.unmermadiun.ac.id/site/wp-content/themes/themorningafter/includes/?C=  Search KeyWord=
12/17/2012 11:00:21 AM  GET  http://www.unmermadiun.ac.id/site/wp-content/uploads/?C=N;O=D  String KeyWord=
12/17/2012 11:00:22 AM  COOKIE  http://www.unmermadiun.ac.id/site/wp-content/uploads/^C=N;O=D  String KeyWord=
12/17/2012 11:00:23 AM  GET  http://www.unmermadiun.ac.id/site/wp-content/uploads/?C=99999999  Integer KeyWord=
12/17/2012 11:00:23 AM  GET  http://www.unmermadiun.ac.id/site/wp-content/uploads/?C=99999999  String KeyWord=
12/17/2012 11:00:24 AM  GET  http://www.unmermadiun.ac.id/site/wp-content/uploads/?C=  Search KeyWord=
12/17/2012 11:00:38 AM  GET  http://www.unmermadiun.ac.id/site/wp-content/uploads/2012/?C=N;O=D  String KeyWord=
12/17/2012 11:00:39 AM  COOKIE  http://www.unmermadiun.ac.id/site/wp-content/uploads/2012/^C=N;O=D  String KeyWord=
12/17/2012 11:00:40 AM  GET  http://www.unmermadiun.ac.id/site/wp-content/uploads/2012/?C=99999999  Integer KeyWord=
12/17/2012 11:01:02 AM  GET  http://www.unmermadiun.ac.id/site/wp-content/uploads/2012/?C=99999999  String KeyWord=
12/17/2012 11:01:02 AM  GET  http://www.unmermadiun.ac.id/site/wp-content/uploads/2012/?C=  Search KeyWord=
12/17/2012 11:01:03 AM  GET  http://www.unmermadiun.ac.id/site/wp-content/themes/themorningafter/includes/js/?C=N;O=D  String KeyWord=
12/17/2012 11:01:04 AM  COOKIE  http://www.unmermadiun.ac.id/site/wp-content/themes/themorningafter/includes/js/^C=N;O=D  String KeyWord=
12/17/2012 11:01:05 AM  GET  http://www.unmermadiun.ac.id/site/wp-content/themes/themorningafter/includes/js/?C=99999999  Integer KeyWord=
12/17/2012 11:01:05 AM  GET  http://www.unmermadiun.ac.id/site/wp-content/themes/themorningafter/includes/js/?C=99999999  String KeyWord=
12/17/2012 11:01:06 AM  GET  http://www.unmermadiun.ac.id/site/wp-content/themes/themorningafter/includes/js/?C=  Search KeyWord=
12/17/2012 11:01:13 AM  GET  http://www.unmermadiun.ac.id/site/wp-content/themes/themorningafter/functions/?C=N;O=D  String KeyWord=
12/17/2012 11:01:14 AM  COOKIE  http://www.unmermadiun.ac.id/site/wp-content/themes/themorningafter/functions/^C=N;O=D  String KeyWord=
12/17/2012 11:01:27 AM  GET  http://www.unmermadiun.ac.id/repository_jurnal_penelitian/?C=M;O=A  String KeyWord=
12/17/2012 11:01:28 AM  COOKIE  http://www.unmermadiun.ac.id/repository_jurnal_penelitian/^C=M;O=A  String KeyWord=
12/17/2012 11:01:29 AM  GET  http://www.unmermadiun.ac.id/repository_jurnal_penelitian/?C=99999999  Integer KeyWord=
12/17/2012 11:01:30 AM  GET  http://www.unmermadiun.ac.id/repository_jurnal_penelitian/?C=99999999  String KeyWord=
12/17/2012 11:01:30 AM  GET  http://www.unmermadiun.ac.id/repository_jurnal_penelitian/?C=  Search KeyWord=
12/17/2012 11:01:34 AM  GET  http://www.unmermadiun.ac.id/site/wp-content/uploads/2011/?C=M;O=A  String KeyWord=
12/17/2012 11:01:35 AM  COOKIE  http://www.unmermadiun.ac.id/site/wp-content/uploads/2011/^C=M;O=A  String KeyWord=
12/17/2012 11:01:35 AM  GET  http://www.unmermadiun.ac.id/site/wp-content/uploads/2011/?C=99999999  Integer KeyWord=
12/17/2012 11:01:36 AM  GET  http://www.unmermadiun.ac.id/site/wp-content/uploads/2011/?C=99999999  String KeyWord=
12/17/2012 11:01:37 AM  GET  http://www.unmermadiun.ac.id/site/wp-content/uploads/2011/?C=  Search KeyWord=
12/17/2012 11:01:45 AM  GET  http://www.unmermadiun.ac.id/site/wp-content/themes/themorningafter/functions/?C=99999999  Integer KeyWord=
12/17/2012 11:01:49 AM  GET  http://www.unmermadiun.ac.id/site/wp-content/themes/themorningafter/functions/?C=99999999  String KeyWord=
12/17/2012 11:01:53 AM  GET  http://www.unmermadiun.ac.id/site/wp-content/themes/themorningafter/functions/?C=  Search KeyWord=
12/17/2012 11:02:09 AM  GET  http://www.unmermadiun.ac.id/repository_penelitian/?C=N;O=D  String KeyWord=
12/17/2012 11:02:10 AM  COOKIE  http://www.unmermadiun.ac.id/repository_penelitian/^C=N;O=D  String KeyWord=
12/17/2012 11:02:11 AM  GET  http://www.unmermadiun.ac.id/repository_penelitian/?C=99999999  Integer KeyWord=
12/17/2012 11:02:11 AM  GET  http://www.unmermadiun.ac.id/repository_penelitian/?C=99999999  String KeyWord=
12/17/2012 11:02:12 AM  GET  http://www.unmermadiun.ac.id/repository_penelitian/?C=  Search KeyWord=
12/17/2012 11:02:17 AM  GET  http://www.unmermadiun.ac.id/site/wp-content/plugins/recent-posts-slider/css/?C=N;O=D  String KeyWord=
12/17/2012 11:02:18 AM  COOKIE  http://www.unmermadiun.ac.id/site/wp-content/plugins/recent-posts-slider/css/^C=N;O=D  String KeyWord=
12/17/2012 11:02:18 AM  GET  http://www.unmermadiun.ac.id/site/wp-content/plugins/recent-posts-slider/css/?C=99999999  Integer KeyWord=
12/17/2012 11:02:19 AM  GET  http://www.unmermadiun.ac.id/site/wp-content/plugins/recent-posts-slider/css/?C=99999999  String KeyWord=
12/17/2012 11:02:20 AM  GET  http://www.unmermadiun.ac.id/site/wp-content/plugins/recent-posts-slider/css/?C=  Search KeyWord=
12/17/2012 11:02:24 AM  GET  http://www.unmermadiun.ac.id/site/wp-includes/images/crystal/?C=N;O=D  String KeyWord=
12/17/2012 11:02:24 AM  COOKIE  http://www.unmermadiun.ac.id/site/wp-includes/images/crystal/^C=N;O=D  String KeyWord=
12/17/2012 11:02:31 AM  GET  http://www.unmermadiun.ac.id/site/wp-content/uploads/2011/06/?C=N;O=D  String KeyWord=
12/17/2012 11:02:49 AM  GET  http://www.unmermadiun.ac.id/site/wp-includes/images/crystal/?C=99999999  Integer KeyWord=
12/17/2012 11:02:50 AM  GET  http://www.unmermadiun.ac.id/site/wp-includes/images/crystal/?C=99999999  String KeyWord=
12/17/2012 11:02:50 AM  GET  http://www.unmermadiun.ac.id/site/wp-includes/images/crystal/?C=  Search KeyWord=
12/17/2012 11:02:53 AM  GET  http://www.unmermadiun.ac.id/site/wp-includes/images/smilies/?C=N;O=D  String KeyWord=
12/17/2012 11:02:57 AM  COOKIE  http://www.unmermadiun.ac.id/site/wp-includes/images/smilies/^C=N;O=D  String KeyWord=
12/17/2012 11:03:00 AM  GET  http://www.unmermadiun.ac.id/site/wp-includes/images/wlw/?C=N;O=D  String KeyWord=
12/17/2012 11:03:01 AM  COOKIE  http://www.unmermadiun.ac.id/site/wp-includes/images/wlw/^C=N;O=D  String KeyWord=
12/17/2012 11:03:01 AM  GET  http://www.unmermadiun.ac.id/site/wp-includes/images/wlw/?C=99999999  Integer KeyWord=
12/17/2012 11:03:03 AM  GET  http://www.unmermadiun.ac.id/site/wp-includes/images/smilies/?C=99999999  Integer KeyWord=
12/17/2012 11:03:03 AM  GET  http://www.unmermadiun.ac.id/site/wp-includes/images/smilies/?C=99999999  String KeyWord=
12/17/2012 11:03:04 AM  GET  http://www.unmermadiun.ac.id/site/wp-includes/images/smilies/?C=  Search KeyWord=
12/17/2012 11:03:07 AM  COOKIE  http://www.unmermadiun.ac.id/site/wp-content/uploads/2011/06/^C=N;O=D  String KeyWord=
12/17/2012 11:03:12 AM  GET  http://www.unmermadiun.ac.id/situskuliah/index.php?cal_m=11&cal_y=2012  Integer KeyWord=
12/17/2012 11:03:21 AM  GET  http://www.unmermadiun.ac.id/site/wp-content/uploads/2012/11/?C=M;O=A  String KeyWord=
12/17/2012 11:03:29 AM  GET  http://www.unmermadiun.ac.id/site/wp-content/plugins/meteor-slides/css/?C=N;O=D  String KeyWord=
12/17/2012 11:03:29 AM  COOKIE  http://www.unmermadiun.ac.id/site/wp-content/plugins/meteor-slides/css/^C=N;O=D  String KeyWord=
12/17/2012 11:03:30 AM  GET  http://www.unmermadiun.ac.id/site/wp-content/plugins/meteor-slides/css/?C=99999999  Integer KeyWord=
12/17/2012 11:03:31 AM  GET  http://www.unmermadiun.ac.id/site/wp-content/plugins/meteor-slides/css/?C=99999999  String KeyWord=
12/17/2012 11:03:31 AM  GET  http://www.unmermadiun.ac.id/site/wp-content/plugins/meteor-slides/css/?C=  Search KeyWord=
